# JRE version: OpenJDK Runtime Environment Temurin-21.0.12.1+1 (21.0.12.1+1) (build 21.0.12.1+1-LTS)
# Java VM: OpenJDK 64-Bit Server VM Temurin-21.0.12.1+1 (21.0.12.1+1-LTS, mixed mode, sharing, tiered, compressed oops, compressed class ptrs, parallel gc, windows-amd64)
GC Precious Log:
 CardTable entry size: 512
 CPUs: 4 total, 4 available
 Memory: 6081M
 Large Page Support: Disabled
 NUMA Support: Disabled
 Compressed Oops: Enabled (32-bit)
 Alignments: Space 512K, Generation 512K, Heap 2M
 Heap Min Capacity: 100M
 Heap Initial Capacity: 100M
 Heap Max Capacity: 2G
 Pre-touch: Disabled
 Parallel Workers: 4
Heap:
 PSYoungGen      total 22016K, used 6103K [0x00000000d5580000, 0x00000000d6e00000, 0x0000000100000000)
  eden space 21504K, 26% used [0x00000000d5580000,0x00000000d5af71c8,0x00000000d6a80000)
  from space 512K, 99% used [0x00000000d6d00000,0x00000000d6d7ed70,0x00000000d6d80000)
  to   space 512K, 0% used [0x00000000d6d80000,0x00000000d6d80000,0x00000000d6e00000)
 ParOldGen       total 76800K, used 76508K [0x0000000080000000, 0x0000000084b00000, 0x00000000d5580000)
  object space 76800K, 99% used [0x0000000080000000,0x0000000084ab7000,0x0000000084b00000)
 Metaspace       used 71808K, committed 73472K, reserved 1114112K
  class space    used 8930K, committed 9664K, reserved 1048576K
GC Heap History (20 events):
Event: 37045.759 GC heap before
{Heap before GC invocations=88 (full 3):
 PSYoungGen      total 22528K, used 22112K [0x00000000d5580000, 0x00000000d7000000, 0x0000000100000000)
  eden space 22016K, 100% used [0x00000000d5580000,0x00000000d6b00000,0x00000000d6b00000)
  from space 512K, 18% used [0x00000000d6f80000,0x00000000d6f98000,0x00000000d7000000)
  to   space 512K, 0% used [0x00000000d6f00000,0x00000000d6f00000,0x00000000d6f80000)
 ParOldGen       total 68608K, used 44588K [0x0000000080000000, 0x0000000084300000, 0x00000000d5580000)
  object space 68608K, 64% used [0x0000000080000000,0x0000000082b8b038,0x0000000084300000)
 Metaspace       used 67775K, committed 69376K, reserved 1114112K
  class space    used 8512K, committed 9216K, reserved 1048576K
}
Event: 37045.763 GC heap after
{Heap after GC invocations=88 (full 3):
 PSYoungGen      total 22528K, used 128K [0x00000000d5580000, 0x00000000d7000000, 0x0000000100000000)
  eden space 22016K, 0% used [0x00000000d5580000,0x00000000d5580000,0x00000000d6b00000)
  from space 512K, 25% used [0x00000000d6f00000,0x00000000d6f20000,0x00000000d6f80000)
  to   space 512K, 0% used [0x00000000d6f80000,0x00000000d6f80000,0x00000000d7000000)
 ParOldGen       total 68608K, used 44596K [0x0000000080000000, 0x0000000084300000, 0x00000000d5580000)
  object space 68608K, 65% used [0x0000000080000000,0x0000000082b8d038,0x0000000084300000)
 Metaspace       used 67775K, committed 69376K, reserved 1114112K
  class space    used 8512K, committed 9216K, reserved 1048576K
}
Event: 37053.610 GC heap before
{Heap before GC invocations=89 (full 3):
 PSYoungGen      total 22528K, used 22144K [0x00000000d5580000, 0x00000000d7000000, 0x0000000100000000)
  eden space 22016K, 100% used [0x00000000d5580000,0x00000000d6b00000,0x00000000d6b00000)
  from space 512K, 25% used [0x00000000d6f00000,0x00000000d6f20000,0x00000000d6f80000)
  to   space 512K, 0% used [0x00000000d6f80000,0x00000000d6f80000,0x00000000d7000000)
 ParOldGen       total 68608K, used 44596K [0x0000000080000000, 0x0000000084300000, 0x00000000d5580000)
  object space 68608K, 65% used [0x0000000080000000,0x0000000082b8d038,0x0000000084300000)
 Metaspace       used 67775K, committed 69376K, reserved 1114112K
  class space    used 8512K, committed 9216K, reserved 1048576K
}
Event: 37053.612 GC heap after
{Heap after GC invocations=89 (full 3):
 PSYoungGen      total 22528K, used 96K [0x00000000d5580000, 0x00000000d7000000, 0x0000000100000000)
  eden space 22016K, 0% used [0x00000000d5580000,0x00000000d5580000,0x00000000d6b00000)
  from space 512K, 18% used [0x00000000d6f80000,0x00000000d6f98000,0x00000000d7000000)
  to   space 512K, 0% used [0x00000000d6f00000,0x00000000d6f00000,0x00000000d6f80000)
 ParOldGen       total 68608K, used 44676K [0x0000000080000000, 0x0000000084300000, 0x00000000d5580000)
  object space 68608K, 65% used [0x0000000080000000,0x0000000082ba1038,0x0000000084300000)
 Metaspace       used 67775K, committed 69376K, reserved 1114112K
  class space    used 8512K, committed 9216K, reserved 1048576K
}
Event: 37056.839 GC heap before
{Heap before GC invocations=90 (full 3):
 PSYoungGen      total 22528K, used 22112K [0x00000000d5580000, 0x00000000d7000000, 0x0000000100000000)
  eden space 22016K, 100% used [0x00000000d5580000,0x00000000d6b00000,0x00000000d6b00000)
  from space 512K, 18% used [0x00000000d6f80000,0x00000000d6f98000,0x00000000d7000000)
  to   space 512K, 0% used [0x00000000d6f00000,0x00000000d6f00000,0x00000000d6f80000)
 ParOldGen       total 68608K, used 44676K [0x0000000080000000, 0x0000000084300000, 0x00000000d5580000)
  object space 68608K, 65% used [0x0000000080000000,0x0000000082ba1038,0x0000000084300000)
 Metaspace       used 67847K, committed 69376K, reserved 1114112K
  class space    used 8522K, committed 9216K, reserved 1048576K
}
Event: 37056.851 GC heap after
{Heap after GC invocations=90 (full 3):
 PSYoungGen      total 22528K, used 466K [0x00000000d5580000, 0x00000000d7000000, 0x0000000100000000)
  eden space 22016K, 0% used [0x00000000d5580000,0x00000000d5580000,0x00000000d6b00000)
  from space 512K, 91% used [0x00000000d6f00000,0x00000000d6f74a90,0x00000000d6f80000)
  to   space 512K, 0% used [0x00000000d6f80000,0x00000000d6f80000,0x00000000d7000000)
 ParOldGen       total 68608K, used 44692K [0x0000000080000000, 0x0000000084300000, 0x00000000d5580000)
  object space 68608K, 65% used [0x0000000080000000,0x0000000082ba5038,0x0000000084300000)
 Metaspace       used 67847K, committed 69376K, reserved 1114112K
  class space    used 8522K, committed 9216K, reserved 1048576K
}
Event: 37064.591 GC heap before
{Heap before GC invocations=91 (full 3):
 PSYoungGen      total 22528K, used 22482K [0x00000000d5580000, 0x00000000d7000000, 0x0000000100000000)
  eden space 22016K, 100% used [0x00000000d5580000,0x00000000d6b00000,0x00000000d6b00000)
  from space 512K, 91% used [0x00000000d6f00000,0x00000000d6f74a90,0x00000000d6f80000)
  to   space 512K, 0% used [0x00000000d6f80000,0x00000000d6f80000,0x00000000d7000000)
 ParOldGen       total 68608K, used 44692K [0x0000000080000000, 0x0000000084300000, 0x00000000d5580000)
  object space 68608K, 65% used [0x0000000080000000,0x0000000082ba5038,0x0000000084300000)
 Metaspace       used 69150K, committed 70720K, reserved 1114112K
  class space    used 8695K, committed 9408K, reserved 1048576K
}
Event: 37064.599 GC heap after
{Heap after GC invocations=91 (full 3):
 PSYoungGen      total 22528K, used 512K [0x00000000d5580000, 0x00000000d7000000, 0x0000000100000000)
  eden space 22016K, 0% used [0x00000000d5580000,0x00000000d5580000,0x00000000d6b00000)
  from space 512K, 100% used [0x00000000d6f80000,0x00000000d7000000,0x00000000d7000000)
  to   space 1536K, 0% used [0x00000000d6d00000,0x00000000d6d00000,0x00000000d6e80000)
 ParOldGen       total 68608K, used 45540K [0x0000000080000000, 0x0000000084300000, 0x00000000d5580000)
  object space 68608K, 66% used [0x0000000080000000,0x0000000082c79048,0x0000000084300000)
 Metaspace       used 69150K, committed 70720K, reserved 1114112K
  class space    used 8695K, committed 9408K, reserved 1048576K
}
Event: 37069.389 GC heap before
{Heap before GC invocations=92 (full 3):
 PSYoungGen      total 22528K, used 22516K [0x00000000d5580000, 0x00000000d7000000, 0x0000000100000000)
  eden space 22016K, 99% used [0x00000000d5580000,0x00000000d6afd1c8,0x00000000d6b00000)
  from space 512K, 100% used [0x00000000d6f80000,0x00000000d7000000,0x00000000d7000000)
  to   space 1536K, 0% used [0x00000000d6d00000,0x00000000d6d00000,0x00000000d6e80000)
 ParOldGen       total 68608K, used 45540K [0x0000000080000000, 0x0000000084300000, 0x00000000d5580000)
  object space 68608K, 66% used [0x0000000080000000,0x0000000082c79048,0x0000000084300000)
 Metaspace       used 70286K, committed 71808K, reserved 1114112K
  class space    used 8804K, committed 9472K, reserved 1048576K
}
Event: 37069.399 GC heap after
{Heap after GC invocations=92 (full 3):
 PSYoungGen      total 23552K, used 1533K [0x00000000d5580000, 0x00000000d7000000, 0x0000000100000000)
  eden space 22016K, 0% used [0x00000000d5580000,0x00000000d5580000,0x00000000d6b00000)
  from space 1536K, 99% used [0x00000000d6d00000,0x00000000d6e7f520,0x00000000d6e80000)
  to   space 1536K, 0% used [0x00000000d6e80000,0x00000000d6e80000,0x00000000d7000000)
 ParOldGen       total 68608K, used 46036K [0x0000000080000000, 0x0000000084300000, 0x00000000d5580000)
  object space 68608K, 67% used [0x0000000080000000,0x0000000082cf5048,0x0000000084300000)
 Metaspace       used 70286K, committed 71808K, reserved 1114112K
  class space    used 8804K, committed 9472K, reserved 1048576K
}
Event: 37077.637 GC heap before
{Heap before GC invocations=93 (full 3):
 PSYoungGen      total 23552K, used 23549K [0x00000000d5580000, 0x00000000d7000000, 0x0000000100000000)
  eden space 22016K, 100% used [0x00000000d5580000,0x00000000d6b00000,0x00000000d6b00000)
  from space 1536K, 99% used [0x00000000d6d00000,0x00000000d6e7f520,0x00000000d6e80000)
  to   space 1536K, 0% used [0x00000000d6e80000,0x00000000d6e80000,0x00000000d7000000)
 ParOldGen       total 68608K, used 46036K [0x0000000080000000, 0x0000000084300000, 0x00000000d5580000)
  object space 68608K, 67% used [0x0000000080000000,0x0000000082cf5048,0x0000000084300000)
 Metaspace       used 71541K, committed 73216K, reserved 1114112K
  class space    used 8918K, committed 9664K, reserved 1048576K
}
Event: 37077.651 GC heap after
{Heap after GC invocations=93 (full 3):
 PSYoungGen      total 23040K, used 1525K [0x00000000d5580000, 0x00000000d7300000, 0x0000000100000000)
  eden space 21504K, 0% used [0x00000000d5580000,0x00000000d5580000,0x00000000d6a80000)
  from space 1536K, 99% used [0x00000000d6e80000,0x00000000d6ffd4a8,0x00000000d7000000)
  to   space 4096K, 0% used [0x00000000d6a80000,0x00000000d6a80000,0x00000000d6e80000)
 ParOldGen       total 68608K, used 48026K [0x0000000080000000, 0x0000000084300000, 0x00000000d5580000)
  object space 68608K, 70% used [0x0000000080000000,0x0000000082ee6950,0x0000000084300000)
 Metaspace       used 71541K, committed 73216K, reserved 1114112K
  class space    used 8918K, committed 9664K, reserved 1048576K
}
Event: 37078.250 GC heap before
{Heap before GC invocations=94 (full 3):
 PSYoungGen      total 23040K, used 23029K [0x00000000d5580000, 0x00000000d7300000, 0x0000000100000000)
  eden space 21504K, 100% used [0x00000000d5580000,0x00000000d6a80000,0x00000000d6a80000)
  from space 1536K, 99% used [0x00000000d6e80000,0x00000000d6ffd4a8,0x00000000d7000000)
  to   space 4096K, 0% used [0x00000000d6a80000,0x00000000d6a80000,0x00000000d6e80000)
 ParOldGen       total 68608K, used 48026K [0x0000000080000000, 0x0000000084300000, 0x00000000d5580000)
  object space 68608K, 70% used [0x0000000080000000,0x0000000082ee6950,0x0000000084300000)
 Metaspace       used 71541K, committed 73216K, reserved 1114112K
  class space    used 8918K, committed 9664K, reserved 1048576K
}
Event: 37078.255 GC heap after
{Heap after GC invocations=94 (full 3):
 PSYoungGen      total 22016K, used 96K [0x00000000d5580000, 0x00000000d6f00000, 0x0000000100000000)
  eden space 21504K, 0% used [0x00000000d5580000,0x00000000d5580000,0x00000000d6a80000)
  from space 512K, 18% used [0x00000000d6a80000,0x00000000d6a98000,0x00000000d6b00000)
  to   space 1536K, 0% used [0x00000000d6d80000,0x00000000d6d80000,0x00000000d6f00000)
 ParOldGen       total 68608K, used 49557K [0x0000000080000000, 0x0000000084300000, 0x00000000d5580000)
  object space 68608K, 72% used [0x0000000080000000,0x00000000830656d8,0x0000000084300000)
 Metaspace       used 71541K, committed 73216K, reserved 1114112K
  class space    used 8918K, committed 9664K, reserved 1048576K
}
Event: 37082.173 GC heap before
{Heap before GC invocations=95 (full 3):
 PSYoungGen      total 22016K, used 21600K [0x00000000d5580000, 0x00000000d6f00000, 0x0000000100000000)
  eden space 21504K, 100% used [0x00000000d5580000,0x00000000d6a80000,0x00000000d6a80000)
  from space 512K, 18% used [0x00000000d6a80000,0x00000000d6a98000,0x00000000d6b00000)
  to   space 1536K, 0% used [0x00000000d6d80000,0x00000000d6d80000,0x00000000d6f00000)
 ParOldGen       total 75264K, used 75260K [0x0000000080000000, 0x0000000084980000, 0x00000000d5580000)
  object space 75264K, 99% used [0x0000000080000000,0x000000008497f380,0x0000000084980000)
 Metaspace       used 71648K, committed 73280K, reserved 1114112K
  class space    used 8918K, committed 9664K, reserved 1048576K
}
Event: 37082.191 GC heap after
{Heap after GC invocations=95 (full 3):
 PSYoungGen      total 22528K, used 595K [0x00000000d5580000, 0x00000000d6e80000, 0x0000000100000000)
  eden space 21504K, 0% used [0x00000000d5580000,0x00000000d5580000,0x00000000d6a80000)
  from space 1024K, 58% used [0x00000000d6d80000,0x00000000d6e14c48,0x00000000d6e80000)
  to   space 1024K, 0% used [0x00000000d6c80000,0x00000000d6c80000,0x00000000d6d80000)
 ParOldGen       total 75776K, used 75284K [0x0000000080000000, 0x0000000084a00000, 0x00000000d5580000)
  object space 75776K, 99% used [0x0000000080000000,0x0000000084985380,0x0000000084a00000)
 Metaspace       used 71648K, committed 73280K, reserved 1114112K
  class space    used 8918K, committed 9664K, reserved 1048576K
}
Event: 37083.046 GC heap before
{Heap before GC invocations=96 (full 3):
 PSYoungGen      total 22528K, used 22099K [0x00000000d5580000, 0x00000000d6e80000, 0x0000000100000000)
  eden space 21504K, 100% used [0x00000000d5580000,0x00000000d6a80000,0x00000000d6a80000)
  from space 1024K, 58% used [0x00000000d6d80000,0x00000000d6e14c48,0x00000000d6e80000)
  to   space 1024K, 0% used [0x00000000d6c80000,0x00000000d6c80000,0x00000000d6d80000)
 ParOldGen       total 75776K, used 75288K [0x0000000080000000, 0x0000000084a00000, 0x00000000d5580000)
  object space 75776K, 99% used [0x0000000080000000,0x0000000084986328,0x0000000084a00000)
 Metaspace       used 71648K, committed 73280K, reserved 1114112K
  class space    used 8918K, committed 9664K, reserved 1048576K
}
Event: 37083.129 GC heap after
{Heap after GC invocations=96 (full 3):
 PSYoungGen      total 22528K, used 128K [0x00000000d5580000, 0x00000000d6e00000, 0x0000000100000000)
  eden space 21504K, 0% used [0x00000000d5580000,0x00000000d5580000,0x00000000d6a80000)
  from space 1024K, 12% used [0x00000000d6c80000,0x00000000d6ca0000,0x00000000d6d80000)
  to   space 512K, 0% used [0x00000000d6d80000,0x00000000d6d80000,0x00000000d6e00000)
 ParOldGen       total 76288K, used 75784K [0x0000000080000000, 0x0000000084a80000, 0x00000000d5580000)
  object space 76288K, 99% used [0x0000000080000000,0x0000000084a02328,0x0000000084a80000)
 Metaspace       used 71648K, committed 73280K, reserved 1114112K
  class space    used 8918K, committed 9664K, reserved 1048576K
}
Event: 37085.124 GC heap before
{Heap before GC invocations=97 (full 3):
 PSYoungGen      total 22528K, used 21632K [0x00000000d5580000, 0x00000000d6e00000, 0x0000000100000000)
  eden space 21504K, 100% used [0x00000000d5580000,0x00000000d6a80000,0x00000000d6a80000)
  from space 1024K, 12% used [0x00000000d6c80000,0x00000000d6ca0000,0x00000000d6d80000)
  to   space 512K, 0% used [0x00000000d6d80000,0x00000000d6d80000,0x00000000d6e00000)
 ParOldGen       total 76288K, used 75784K [0x0000000080000000, 0x0000000084a80000, 0x00000000d5580000)
  object space 76288K, 99% used [0x0000000080000000,0x0000000084a02328,0x0000000084a80000)
 Metaspace       used 71667K, committed 73280K, reserved 1114112K
  class space    used 8918K, committed 9664K, reserved 1048576K
}
Event: 37085.129 GC heap after
{Heap after GC invocations=97 (full 3):
 PSYoungGen      total 22016K, used 246K [0x00000000d5580000, 0x00000000d6e00000, 0x0000000100000000)
  eden space 21504K, 0% used [0x00000000d5580000,0x00000000d5580000,0x00000000d6a80000)
  from space 512K, 48% used [0x00000000d6d80000,0x00000000d6dbd808,0x00000000d6e00000)
  to   space 512K, 0% used [0x00000000d6d00000,0x00000000d6d00000,0x00000000d6d80000)
 ParOldGen       total 76288K, used 75823K [0x0000000080000000, 0x0000000084a80000, 0x00000000d5580000)
  object space 76288K, 99% used [0x0000000080000000,0x0000000084a0bd38,0x0000000084a80000)
 Metaspace       used 71667K, committed 73280K, reserved 1114112K
  class space    used 8918K, committed 9664K, reserved 1048576K
}

